# JRE version: OpenJDK Runtime Environment (7.0_101) (build 1.7.0_101-b00)
# Java VM: OpenJDK 64-Bit Server VM (24.95-b01 mixed mode linux-amd64 compressed oops)
Heap
 PSYoungGen      total 219136K, used 0K [0x00000000eaa80000, 0x00000000ff080000, 0x0000000100000000)
  eden space 169472K, 0% used [0x00000000eaa80000,0x00000000eaa80000,0x00000000f5000000)
  from space 49664K, 0% used [0x00000000f5000000,0x00000000f5000000,0x00000000f8080000)
  to   space 63488K, 0% used [0x00000000fb280000,0x00000000fb280000,0x00000000ff080000)
 ParOldGen       total 362496K, used 348877K [0x00000000c0000000, 0x00000000d6200000, 0x00000000eaa80000)
  object space 362496K, 96% used [0x00000000c0000000,0x00000000d54b34b0,0x00000000d6200000)
 PSPermGen       total 21504K, used 6517K [0x00000000b5a00000, 0x00000000b6f00000, 0x00000000c0000000)
  object space 21504K, 30% used [0x00000000b5a00000,0x00000000b605d570,0x00000000b6f00000)
GC Heap History (10 events):
Event: 30,486 GC heap after
Heap after GC invocations=14 (full 2):
 PSYoungGen      total 212480K, used 33988K [0x00000000eaa80000, 0x00000000fe400000, 0x0000000100000000)
  eden space 169472K, 0% used [0x00000000eaa80000,0x00000000eaa80000,0x00000000f5000000)
  from space 43008K, 79% used [0x00000000f8080000,0x00000000fa1b1358,0x00000000faa80000)
  to   space 49664K, 0% used [0x00000000f5000000,0x00000000f5000000,0x00000000f8080000)
 ParOldGen       total 141312K, used 78692K [0x00000000c0000000, 0x00000000c8a00000, 0x00000000eaa80000)
  object space 141312K, 55% used [0x00000000c0000000,0x00000000c4cd9010,0x00000000c8a00000)
 PSPermGen       total 21504K, used 6480K [0x00000000b5a00000, 0x00000000b6f00000, 0x00000000c0000000)
  object space 21504K, 30% used [0x00000000b5a00000,0x00000000b6054368,0x00000000b6f00000)
}
Event: 32,392 GC heap before
{Heap before GC invocations=15 (full 2):
 PSYoungGen      total 212480K, used 203460K [0x00000000eaa80000, 0x00000000fe400000, 0x0000000100000000)
  eden space 169472K, 100% used [0x00000000eaa80000,0x00000000f5000000,0x00000000f5000000)
  from space 43008K, 79% used [0x00000000f8080000,0x00000000fa1b1358,0x00000000faa80000)
  to   space 49664K, 0% used [0x00000000f5000000,0x00000000f5000000,0x00000000f8080000)
 ParOldGen       total 141312K, used 78692K [0x00000000c0000000, 0x00000000c8a00000, 0x00000000eaa80000)
  object space 141312K, 55% used [0x00000000c0000000,0x00000000c4cd9010,0x00000000c8a00000)
 PSPermGen       total 21504K, used 6503K [0x00000000b5a00000, 0x00000000b6f00000, 0x00000000c0000000)
  object space 21504K, 30% used [0x00000000b5a00000,0x00000000b6059d50,0x00000000b6f00000)
Event: 32,567 GC heap after
Heap after GC invocations=15 (full 2):
 PSYoungGen      total 219136K, used 49658K [0x00000000eaa80000, 0x00000000ff080000, 0x0000000100000000)
  eden space 169472K, 0% used [0x00000000eaa80000,0x00000000eaa80000,0x00000000f5000000)
  from space 49664K, 99% used [0x00000000f5000000,0x00000000f807ea98,0x00000000f8080000)
  to   space 63488K, 0% used [0x00000000fb280000,0x00000000fb280000,0x00000000ff080000)
 ParOldGen       total 141312K, used 92887K [0x00000000c0000000, 0x00000000c8a00000, 0x00000000eaa80000)
  object space 141312K, 65% used [0x00000000c0000000,0x00000000c5ab5fa0,0x00000000c8a00000)
 PSPermGen       total 21504K, used 6503K [0x00000000b5a00000, 0x00000000b6f00000, 0x00000000c0000000)
  object space 21504K, 30% used [0x00000000b5a00000,0x00000000b6059d50,0x00000000b6f00000)
}
Event: 34,505 GC heap before
{Heap before GC invocations=16 (full 2):
 PSYoungGen      total 219136K, used 219130K [0x00000000eaa80000, 0x00000000ff080000, 0x0000000100000000)
  eden space 169472K, 100% used [0x00000000eaa80000,0x00000000f5000000,0x00000000f5000000)
  from space 49664K, 99% used [0x00000000f5000000,0x00000000f807ea98,0x00000000f8080000)
  to   space 63488K, 0% used [0x00000000fb280000,0x00000000fb280000,0x00000000ff080000)
 ParOldGen       total 141312K, used 92887K [0x00000000c0000000, 0x00000000c8a00000, 0x00000000eaa80000)
  object space 141312K, 65% used [0x00000000c0000000,0x00000000c5ab5fa0,0x00000000c8a00000)
 PSPermGen       total 21504K, used 6508K [0x00000000b5a00000, 0x00000000b6f00000, 0x00000000c0000000)
  object space 21504K, 30% used [0x00000000b5a00000,0x00000000b605b078,0x00000000b6f00000)
Event: 34,934 GC heap after
Heap after GC invocations=16 (full 2):
 PSYoungGen      total 219136K, used 219130K [0x00000000eaa80000, 0x00000000ff080000, 0x0000000100000000)
  eden space 169472K, 100% used [0x00000000eaa80000,0x00000000f5000000,0x00000000f5000000)
  from space 49664K, 99% used [0x00000000f5000000,0x00000000f807ea98,0x00000000f8080000)
  to   space 63488K, 99% used [0x00000000fb280000,0x00000000ff078e88,0x00000000ff080000)
 ParOldGen       total 171520K, used 170051K [0x00000000c0000000, 0x00000000ca780000, 0x00000000eaa80000)
  object space 171520K, 99% used [0x00000000c0000000,0x00000000ca610d10,0x00000000ca780000)
 PSPermGen       total 21504K, used 6508K [0x00000000b5a00000, 0x00000000b6f00000, 0x00000000c0000000)
  object space 21504K, 30% used [0x00000000b5a00000,0x00000000b605b078,0x00000000b6f00000)
}
Event: 34,934 GC heap before
{Heap before GC invocations=17 (full 3):
 PSYoungGen      total 219136K, used 219130K [0x00000000eaa80000, 0x00000000ff080000, 0x0000000100000000)
  eden space 169472K, 100% used [0x00000000eaa80000,0x00000000f5000000,0x00000000f5000000)
  from space 49664K, 99% used [0x00000000f5000000,0x00000000f807ea98,0x00000000f8080000)
  to   space 63488K, 99% used [0x00000000fb280000,0x00000000ff078e88,0x00000000ff080000)
 ParOldGen       total 171520K, used 170051K [0x00000000c0000000, 0x00000000ca780000, 0x00000000eaa80000)
  object space 171520K, 99% used [0x00000000c0000000,0x00000000ca610d10,0x00000000ca780000)
 PSPermGen       total 21504K, used 6508K [0x00000000b5a00000, 0x00000000b6f00000, 0x00000000c0000000)
  object space 21504K, 30% used [0x00000000b5a00000,0x00000000b605b078,0x00000000b6f00000)
Event: 36,635 GC heap after
Heap after GC invocations=17 (full 3):
 PSYoungGen      total 219136K, used 0K [0x00000000eaa80000, 0x00000000ff080000, 0x0000000100000000)
  eden space 169472K, 0% used [0x00000000eaa80000,0x00000000eaa80000,0x00000000f5000000)
  from space 49664K, 0% used [0x00000000f5000000,0x00000000f5000000,0x00000000f8080000)
  to   space 63488K, 91% used [0x00000000fb280000,0x00000000feb4b6e0,0x00000000ff080000)
 ParOldGen       total 252416K, used 171482K [0x00000000c0000000, 0x00000000cf680000, 0x00000000eaa80000)
  object space 252416K, 67% used [0x00000000c0000000,0x00000000ca776898,0x00000000cf680000)
 PSPermGen       total 21504K, used 6507K [0x00000000b5a00000, 0x00000000b6f00000, 0x00000000c0000000)
  object space 21504K, 30% used [0x00000000b5a00000,0x00000000b605ae38,0x00000000b6f00000)
}
Event: 37,010 GC heap before
{Heap before GC invocations=18 (full 4):
 PSYoungGen      total 219136K, used 169472K [0x00000000eaa80000, 0x00000000ff080000, 0x0000000100000000)
  eden space 169472K, 100% used [0x00000000eaa80000,0x00000000f5000000,0x00000000f5000000)
  from space 49664K, 0% used [0x00000000f5000000,0x00000000f5000000,0x00000000f8080000)
  to   space 63488K, 91% used [0x00000000fb280000,0x00000000feb4b6e0,0x00000000ff080000)
 ParOldGen       total 252416K, used 171482K [0x00000000c0000000, 0x00000000cf680000, 0x00000000eaa80000)
  object space 252416K, 67% used [0x00000000c0000000,0x00000000ca776898,0x00000000cf680000)
 PSPermGen       total 21504K, used 6515K [0x00000000b5a00000, 0x00000000b6f00000, 0x00000000c0000000)
  object space 21504K, 30% used [0x00000000b5a00000,0x00000000b605cef8,0x00000000b6f00000)
Event: 38,233 GC heap after
Heap after GC invocations=18 (full 4):
 PSYoungGen      total 219136K, used 0K [0x00000000eaa80000, 0x00000000ff080000, 0x0000000100000000)
  eden space 169472K, 0% used [0x00000000eaa80000,0x00000000eaa80000,0x00000000f5000000)
  from space 49664K, 0% used [0x00000000f5000000,0x00000000f5000000,0x00000000f8080000)
  to   space 63488K, 78% used [0x00000000fb280000,0x00000000fe318780,0x00000000ff080000)
 ParOldGen       total 362496K, used 252109K [0x00000000c0000000, 0x00000000d6200000, 0x00000000eaa80000)
  object space 362496K, 69% used [0x00000000c0000000,0x00000000cf633550,0x00000000d6200000)
 PSPermGen       total 21504K, used 6515K [0x00000000b5a00000, 0x00000000b6f00000, 0x00000000c0000000)
  object space 21504K, 30% used [0x00000000b5a00000,0x00000000b605cef8,0x00000000b6f00000)
}
Event: 39,378 GC heap before
{Heap before GC invocations=19 (full 5):
 PSYoungGen      total 219136K, used 169472K [0x00000000eaa80000, 0x00000000ff080000, 0x0000000100000000)
  eden space 169472K, 100% used [0x00000000eaa80000,0x00000000f5000000,0x00000000f5000000)
  from space 49664K, 0% used [0x00000000f5000000,0x00000000f5000000,0x00000000f8080000)
  to   space 63488K, 78% used [0x00000000fb280000,0x00000000fe318780,0x00000000ff080000)
 ParOldGen       total 362496K, used 252109K [0x00000000c0000000, 0x00000000d6200000, 0x00000000eaa80000)
  object space 362496K, 69% used [0x00000000c0000000,0x00000000cf633550,0x00000000d6200000)
 PSPermGen       total 21504K, used 6517K [0x00000000b5a00000, 0x00000000b6f00000, 0x00000000c0000000)
  object space 21504K, 30% used [0x00000000b5a00000,0x00000000b605d570,0x00000000b6f00000)

