# JRE version: OpenJDK Runtime Environment (7.0_101) (build 1.7.0_101-b00)
# Java VM: OpenJDK 64-Bit Server VM (24.95-b01 mixed mode linux-amd64 compressed oops)
Heap
 PSYoungGen      total 277504K, used 35549K [0x00000000eaa80000, 0x0000000100000000, 0x0000000100000000)
  eden space 239104K, 0% used [0x00000000eaa80000,0x00000000eaa80000,0x00000000f9400000)
  from space 38400K, 92% used [0x00000000fda80000,0x00000000ffd374e8,0x0000000100000000)
  to   space 55296K, 0% used [0x00000000f9400000,0x00000000f9400000,0x00000000fca00000)
 ParOldGen       total 84992K, used 84731K [0x00000000c0000000, 0x00000000c5300000, 0x00000000eaa80000)
  object space 84992K, 99% used [0x00000000c0000000,0x00000000c52bedf8,0x00000000c5300000)
 PSPermGen       total 21504K, used 6538K [0x00000000b5a00000, 0x00000000b6f00000, 0x00000000c0000000)
  object space 21504K, 30% used [0x00000000b5a00000,0x00000000b6062948,0x00000000b6f00000)
GC Heap History (10 events):
Event: 4,882 GC heap after
Heap after GC invocations=7 (full 0):
 PSYoungGen      total 132096K, used 9709K [0x00000000eaa80000, 0x00000000fbe80000, 0x0000000100000000)
  eden space 122368K, 0% used [0x00000000eaa80000,0x00000000eaa80000,0x00000000f2200000)
  from space 9728K, 99% used [0x00000000f2200000,0x00000000f2b7b538,0x00000000f2b80000)
  to   space 18944K, 0% used [0x00000000fac00000,0x00000000fac00000,0x00000000fbe80000)
 ParOldGen       total 40960K, used 24803K [0x00000000c0000000, 0x00000000c2800000, 0x00000000eaa80000)
  object space 40960K, 60% used [0x00000000c0000000,0x00000000c1838c10,0x00000000c2800000)
 PSPermGen       total 21504K, used 6406K [0x00000000b5a00000, 0x00000000b6f00000, 0x00000000c0000000)
  object space 21504K, 29% used [0x00000000b5a00000,0x00000000b6041988,0x00000000b6f00000)
}
Event: 6,497 GC heap before
{Heap before GC invocations=8 (full 0):
 PSYoungGen      total 132096K, used 132077K [0x00000000eaa80000, 0x00000000fbe80000, 0x0000000100000000)
  eden space 122368K, 100% used [0x00000000eaa80000,0x00000000f2200000,0x00000000f2200000)
  from space 9728K, 99% used [0x00000000f2200000,0x00000000f2b7b538,0x00000000f2b80000)
  to   space 18944K, 0% used [0x00000000fac00000,0x00000000fac00000,0x00000000fbe80000)
 ParOldGen       total 40960K, used 24803K [0x00000000c0000000, 0x00000000c2800000, 0x00000000eaa80000)
  object space 40960K, 60% used [0x00000000c0000000,0x00000000c1838c10,0x00000000c2800000)
 PSPermGen       total 21504K, used 6490K [0x00000000b5a00000, 0x00000000b6f00000, 0x00000000c0000000)
  object space 21504K, 30% used [0x00000000b5a00000,0x00000000b6056a18,0x00000000b6f00000)
Event: 6,556 GC heap after
Heap after GC invocations=8 (full 0):
 PSYoungGen      total 256000K, used 18927K [0x00000000eaa80000, 0x00000000fcd80000, 0x0000000100000000)
  eden space 237056K, 0% used [0x00000000eaa80000,0x00000000eaa80000,0x00000000f9200000)
  from space 18944K, 99% used [0x00000000fac00000,0x00000000fbe7bc68,0x00000000fbe80000)
  to   space 26624K, 0% used [0x00000000f9200000,0x00000000f9200000,0x00000000fac00000)
 ParOldGen       total 40960K, used 33484K [0x00000000c0000000, 0x00000000c2800000, 0x00000000eaa80000)
  object space 40960K, 81% used [0x00000000c0000000,0x00000000c20b32b8,0x00000000c2800000)
 PSPermGen       total 21504K, used 6490K [0x00000000b5a00000, 0x00000000b6f00000, 0x00000000c0000000)
  object space 21504K, 30% used [0x00000000b5a00000,0x00000000b6056a18,0x00000000b6f00000)
}
Event: 6,556 GC heap before
{Heap before GC invocations=9 (full 1):
 PSYoungGen      total 256000K, used 18927K [0x00000000eaa80000, 0x00000000fcd80000, 0x0000000100000000)
  eden space 237056K, 0% used [0x00000000eaa80000,0x00000000eaa80000,0x00000000f9200000)
  from space 18944K, 99% used [0x00000000fac00000,0x00000000fbe7bc68,0x00000000fbe80000)
  to   space 26624K, 0% used [0x00000000f9200000,0x00000000f9200000,0x00000000fac00000)
 ParOldGen       total 40960K, used 33484K [0x00000000c0000000, 0x00000000c2800000, 0x00000000eaa80000)
  object space 40960K, 81% used [0x00000000c0000000,0x00000000c20b32b8,0x00000000c2800000)
 PSPermGen       total 21504K, used 6490K [0x00000000b5a00000, 0x00000000b6f00000, 0x00000000c0000000)
  object space 21504K, 30% used [0x00000000b5a00000,0x00000000b6056a18,0x00000000b6f00000)
Event: 6,959 GC heap after
Heap after GC invocations=9 (full 1):
 PSYoungGen      total 256000K, used 8151K [0x00000000eaa80000, 0x00000000fcd80000, 0x0000000100000000)
  eden space 237056K, 0% used [0x00000000eaa80000,0x00000000eaa80000,0x00000000f9200000)
  from space 18944K, 43% used [0x00000000fac00000,0x00000000fb3f5ce8,0x00000000fbe80000)
  to   space 26624K, 0% used [0x00000000f9200000,0x00000000f9200000,0x00000000fac00000)
 ParOldGen       total 76288K, used 40753K [0x00000000c0000000, 0x00000000c4a80000, 0x00000000eaa80000)
  object space 76288K, 53% used [0x00000000c0000000,0x00000000c27cc640,0x00000000c4a80000)
 PSPermGen       total 21504K, used 6487K [0x00000000b5a00000, 0x00000000b6f00000, 0x00000000c0000000)
  object space 21504K, 30% used [0x00000000b5a00000,0x00000000b6055da8,0x00000000b6f00000)
}
Event: 9,404 GC heap before
{Heap before GC invocations=10 (full 1):
 PSYoungGen      total 256000K, used 245207K [0x00000000eaa80000, 0x00000000fcd80000, 0x0000000100000000)
  eden space 237056K, 100% used [0x00000000eaa80000,0x00000000f9200000,0x00000000f9200000)
  from space 18944K, 43% used [0x00000000fac00000,0x00000000fb3f5ce8,0x00000000fbe80000)
  to   space 26624K, 0% used [0x00000000f9200000,0x00000000f9200000,0x00000000fac00000)
 ParOldGen       total 76288K, used 40753K [0x00000000c0000000, 0x00000000c4a80000, 0x00000000eaa80000)
  object space 76288K, 53% used [0x00000000c0000000,0x00000000c27cc640,0x00000000c4a80000)
 PSPermGen       total 21504K, used 6512K [0x00000000b5a00000, 0x00000000b6f00000, 0x00000000c0000000)
  object space 21504K, 30% used [0x00000000b5a00000,0x00000000b605c3e8,0x00000000b6f00000)
Event: 9,487 GC heap after
Heap after GC invocations=10 (full 1):
 PSYoungGen      total 263680K, used 26613K [0x00000000eaa80000, 0x0000000100000000, 0x0000000100000000)
  eden space 237056K, 0% used [0x00000000eaa80000,0x00000000eaa80000,0x00000000f9200000)
  from space 26624K, 99% used [0x00000000f9200000,0x00000000fabfd600,0x00000000fac00000)
  to   space 38400K, 0% used [0x00000000fda80000,0x00000000fda80000,0x0000000100000000)
 ParOldGen       total 76288K, used 57894K [0x00000000c0000000, 0x00000000c4a80000, 0x00000000eaa80000)
  object space 76288K, 75% used [0x00000000c0000000,0x00000000c3889b70,0x00000000c4a80000)
 PSPermGen       total 21504K, used 6512K [0x00000000b5a00000, 0x00000000b6f00000, 0x00000000c0000000)
  object space 21504K, 30% used [0x00000000b5a00000,0x00000000b605c3e8,0x00000000b6f00000)
}
Event: 11,190 GC heap before
{Heap before GC invocations=11 (full 1):
 PSYoungGen      total 263680K, used 263669K [0x00000000eaa80000, 0x0000000100000000, 0x0000000100000000)
  eden space 237056K, 100% used [0x00000000eaa80000,0x00000000f9200000,0x00000000f9200000)
  from space 26624K, 99% used [0x00000000f9200000,0x00000000fabfd600,0x00000000fac00000)
  to   space 38400K, 0% used [0x00000000fda80000,0x00000000fda80000,0x0000000100000000)
 ParOldGen       total 76288K, used 57894K [0x00000000c0000000, 0x00000000c4a80000, 0x00000000eaa80000)
  object space 76288K, 75% used [0x00000000c0000000,0x00000000c3889b70,0x00000000c4a80000)
 PSPermGen       total 21504K, used 6539K [0x00000000b5a00000, 0x00000000b6f00000, 0x00000000c0000000)
  object space 21504K, 30% used [0x00000000b5a00000,0x00000000b6062e08,0x00000000b6f00000)
Event: 12,665 GC heap after
Heap after GC invocations=11 (full 1):
 PSYoungGen      total 277504K, used 38382K [0x00000000eaa80000, 0x0000000100000000, 0x0000000100000000)
  eden space 239104K, 0% used [0x00000000eaa80000,0x00000000eaa80000,0x00000000f9400000)
  from space 38400K, 99% used [0x00000000fda80000,0x00000000ffffba70,0x0000000100000000)
  to   space 55296K, 0% used [0x00000000f9400000,0x00000000f9400000,0x00000000fca00000)
 ParOldGen       total 84992K, used 84839K [0x00000000c0000000, 0x00000000c5300000, 0x00000000eaa80000)
  object space 84992K, 99% used [0x00000000c0000000,0x00000000c52d9ed8,0x00000000c5300000)
 PSPermGen       total 21504K, used 6539K [0x00000000b5a00000, 0x00000000b6f00000, 0x00000000c0000000)
  object space 21504K, 30% used [0x00000000b5a00000,0x00000000b6062e08,0x00000000b6f00000)
}
Event: 14,635 GC heap before
{Heap before GC invocations=12 (full 2):
 PSYoungGen      total 277504K, used 38382K [0x00000000eaa80000, 0x0000000100000000, 0x0000000100000000)
  eden space 239104K, 0% used [0x00000000eaa80000,0x00000000eaa80000,0x00000000f9400000)
  from space 38400K, 99% used [0x00000000fda80000,0x00000000ffffba70,0x0000000100000000)
  to   space 55296K, 0% used [0x00000000f9400000,0x00000000f9400000,0x00000000fca00000)
 ParOldGen       total 84992K, used 84839K [0x00000000c0000000, 0x00000000c5300000, 0x00000000eaa80000)
  object space 84992K, 99% used [0x00000000c0000000,0x00000000c52d9ed8,0x00000000c5300000)
 PSPermGen       total 21504K, used 6539K [0x00000000b5a00000, 0x00000000b6f00000, 0x00000000c0000000)
  object space 21504K, 30% used [0x00000000b5a00000,0x00000000b6062e08,0x00000000b6f00000)

