# JRE version: OpenJDK Runtime Environment (7.0_101) (build 1.7.0_101-b00)
# Java VM: OpenJDK 64-Bit Server VM (24.95-b01 mixed mode linux-amd64 compressed oops)
Heap
 PSYoungGen      total 181248K, used 31210K [0x00000000eaa80000, 0x00000000f9480000, 0x0000000100000000)
  eden space 150016K, 0% used [0x00000000eaa80000,0x00000000eaa80000,0x00000000f3d00000)
  from space 31232K, 99% used [0x00000000f5780000,0x00000000f75fa8c0,0x00000000f7600000)
  to   space 24064K, 0% used [0x00000000f7d00000,0x00000000f7d00000,0x00000000f9480000)
 ParOldGen       total 77312K, used 60122K [0x00000000c0000000, 0x00000000c4b80000, 0x00000000eaa80000)
  object space 77312K, 77% used [0x00000000c0000000,0x00000000c3ab69f8,0x00000000c4b80000)
 PSPermGen       total 21504K, used 6465K [0x00000000b5a00000, 0x00000000b6f00000, 0x00000000c0000000)
  object space 21504K, 30% used [0x00000000b5a00000,0x00000000b60504c0,0x00000000b6f00000)
GC Heap History (10 events):
Event: 8,635 GC heap after
Heap after GC invocations=7 (full 0):
 PSYoungGen      total 69120K, used 8170K [0x00000000eaa80000, 0x00000000f3c80000, 0x0000000100000000)
  eden space 60928K, 0% used [0x00000000eaa80000,0x00000000eaa80000,0x00000000ee600000)
  from space 8192K, 99% used [0x00000000ee600000,0x00000000eedfaab8,0x00000000eee00000)
  to   space 13824K, 0% used [0x00000000f2f00000,0x00000000f2f00000,0x00000000f3c80000)
 ParOldGen       total 40960K, used 13765K [0x00000000c0000000, 0x00000000c2800000, 0x00000000eaa80000)
  object space 40960K, 33% used [0x00000000c0000000,0x00000000c0d71668,0x00000000c2800000)
 PSPermGen       total 21504K, used 6296K [0x00000000b5a00000, 0x00000000b6f00000, 0x00000000c0000000)
  object space 21504K, 29% used [0x00000000b5a00000,0x00000000b6026168,0x00000000b6f00000)
}
Event: 11,230 GC heap before
{Heap before GC invocations=8 (full 0):
 PSYoungGen      total 69120K, used 69098K [0x00000000eaa80000, 0x00000000f3c80000, 0x0000000100000000)
  eden space 60928K, 100% used [0x00000000eaa80000,0x00000000ee600000,0x00000000ee600000)
  from space 8192K, 99% used [0x00000000ee600000,0x00000000eedfaab8,0x00000000eee00000)
  to   space 13824K, 0% used [0x00000000f2f00000,0x00000000f2f00000,0x00000000f3c80000)
 ParOldGen       total 40960K, used 13765K [0x00000000c0000000, 0x00000000c2800000, 0x00000000eaa80000)
  object space 40960K, 33% used [0x00000000c0000000,0x00000000c0d71668,0x00000000c2800000)
 PSPermGen       total 21504K, used 6344K [0x00000000b5a00000, 0x00000000b6f00000, 0x00000000c0000000)
  object space 21504K, 29% used [0x00000000b5a00000,0x00000000b6032290,0x00000000b6f00000)
Event: 11,350 GC heap after
Heap after GC invocations=8 (full 0):
 PSYoungGen      total 131072K, used 13806K [0x00000000eaa80000, 0x00000000f4580000, 0x0000000100000000)
  eden space 117248K, 0% used [0x00000000eaa80000,0x00000000eaa80000,0x00000000f1d00000)
  from space 13824K, 99% used [0x00000000f2f00000,0x00000000f3c7b858,0x00000000f3c80000)
  to   space 18432K, 0% used [0x00000000f1d00000,0x00000000f1d00000,0x00000000f2f00000)
 ParOldGen       total 40960K, used 18203K [0x00000000c0000000, 0x00000000c2800000, 0x00000000eaa80000)
  object space 40960K, 44% used [0x00000000c0000000,0x00000000c11c6c88,0x00000000c2800000)
 PSPermGen       total 21504K, used 6344K [0x00000000b5a00000, 0x00000000b6f00000, 0x00000000c0000000)
  object space 21504K, 29% used [0x00000000b5a00000,0x00000000b6032290,0x00000000b6f00000)
}
Event: 14,073 GC heap before
{Heap before GC invocations=9 (full 0):
 PSYoungGen      total 131072K, used 131054K [0x00000000eaa80000, 0x00000000f4580000, 0x0000000100000000)
  eden space 117248K, 100% used [0x00000000eaa80000,0x00000000f1d00000,0x00000000f1d00000)
  from space 13824K, 99% used [0x00000000f2f00000,0x00000000f3c7b858,0x00000000f3c80000)
  to   space 18432K, 0% used [0x00000000f1d00000,0x00000000f1d00000,0x00000000f2f00000)
 ParOldGen       total 40960K, used 18203K [0x00000000c0000000, 0x00000000c2800000, 0x00000000eaa80000)
  object space 40960K, 44% used [0x00000000c0000000,0x00000000c11c6c88,0x00000000c2800000)
 PSPermGen       total 21504K, used 6411K [0x00000000b5a00000, 0x00000000b6f00000, 0x00000000c0000000)
  object space 21504K, 29% used [0x00000000b5a00000,0x00000000b6042e20,0x00000000b6f00000)
Event: 14,220 GC heap after
Heap after GC invocations=9 (full 0):
 PSYoungGen      total 135680K, used 18414K [0x00000000eaa80000, 0x00000000f9800000, 0x0000000100000000)
  eden space 117248K, 0% used [0x00000000eaa80000,0x00000000eaa80000,0x00000000f1d00000)
  from space 18432K, 99% used [0x00000000f1d00000,0x00000000f2efb840,0x00000000f2f00000)
  to   space 27648K, 0% used [0x00000000f7d00000,0x00000000f7d00000,0x00000000f9800000)
 ParOldGen       total 40960K, used 32606K [0x00000000c0000000, 0x00000000c2800000, 0x00000000eaa80000)
  object space 40960K, 79% used [0x00000000c0000000,0x00000000c1fd79f0,0x00000000c2800000)
 PSPermGen       total 21504K, used 6411K [0x00000000b5a00000, 0x00000000b6f00000, 0x00000000c0000000)
  object space 21504K, 29% used [0x00000000b5a00000,0x00000000b6042e20,0x00000000b6f00000)
}
Event: 14,220 GC heap before
{Heap before GC invocations=10 (full 1):
 PSYoungGen      total 135680K, used 18414K [0x00000000eaa80000, 0x00000000f9800000, 0x0000000100000000)
  eden space 117248K, 0% used [0x00000000eaa80000,0x00000000eaa80000,0x00000000f1d00000)
  from space 18432K, 99% used [0x00000000f1d00000,0x00000000f2efb840,0x00000000f2f00000)
  to   space 27648K, 0% used [0x00000000f7d00000,0x00000000f7d00000,0x00000000f9800000)
 ParOldGen       total 40960K, used 32606K [0x00000000c0000000, 0x00000000c2800000, 0x00000000eaa80000)
  object space 40960K, 79% used [0x00000000c0000000,0x00000000c1fd79f0,0x00000000c2800000)
 PSPermGen       total 21504K, used 6411K [0x00000000b5a00000, 0x00000000b6f00000, 0x00000000c0000000)
  object space 21504K, 29% used [0x00000000b5a00000,0x00000000b6042e20,0x00000000b6f00000)
Event: 14,927 GC heap after
Heap after GC invocations=10 (full 1):
 PSYoungGen      total 135680K, used 6430K [0x00000000eaa80000, 0x00000000f9800000, 0x0000000100000000)
  eden space 117248K, 0% used [0x00000000eaa80000,0x00000000eaa80000,0x00000000f1d00000)
  from space 18432K, 34% used [0x00000000f1d00000,0x00000000f2347840,0x00000000f2f00000)
  to   space 27648K, 0% used [0x00000000f7d00000,0x00000000f7d00000,0x00000000f9800000)
 ParOldGen       total 77312K, used 40928K [0x00000000c0000000, 0x00000000c4b80000, 0x00000000eaa80000)
  object space 77312K, 52% used [0x00000000c0000000,0x00000000c27f8330,0x00000000c4b80000)
 PSPermGen       total 21504K, used 6409K [0x00000000b5a00000, 0x00000000b6f00000, 0x00000000c0000000)
  object space 21504K, 29% used [0x00000000b5a00000,0x00000000b6042450,0x00000000b6f00000)
}
Event: 17,035 GC heap before
{Heap before GC invocations=11 (full 1):
 PSYoungGen      total 135680K, used 123678K [0x00000000eaa80000, 0x00000000f9800000, 0x0000000100000000)
  eden space 117248K, 100% used [0x00000000eaa80000,0x00000000f1d00000,0x00000000f1d00000)
  from space 18432K, 34% used [0x00000000f1d00000,0x00000000f2347840,0x00000000f2f00000)
  to   space 27648K, 0% used [0x00000000f7d00000,0x00000000f7d00000,0x00000000f9800000)
 ParOldGen       total 77312K, used 40928K [0x00000000c0000000, 0x00000000c4b80000, 0x00000000eaa80000)
  object space 77312K, 52% used [0x00000000c0000000,0x00000000c27f8330,0x00000000c4b80000)
 PSPermGen       total 21504K, used 6439K [0x00000000b5a00000, 0x00000000b6f00000, 0x00000000c0000000)
  object space 21504K, 29% used [0x00000000b5a00000,0x00000000b6049ca8,0x00000000b6f00000)
Event: 17,181 GC heap after
Heap after GC invocations=11 (full 1):
 PSYoungGen      total 174080K, used 23744K [0x00000000eaa80000, 0x00000000f9480000, 0x0000000100000000)
  eden space 150016K, 0% used [0x00000000eaa80000,0x00000000eaa80000,0x00000000f3d00000)
  from space 24064K, 98% used [0x00000000f7d00000,0x00000000f9430020,0x00000000f9480000)
  to   space 31232K, 0% used [0x00000000f5780000,0x00000000f5780000,0x00000000f7600000)
 ParOldGen       total 77312K, used 42886K [0x00000000c0000000, 0x00000000c4b80000, 0x00000000eaa80000)
  object space 77312K, 55% used [0x00000000c0000000,0x00000000c29e19c0,0x00000000c4b80000)
 PSPermGen       total 21504K, used 6439K [0x00000000b5a00000, 0x00000000b6f00000, 0x00000000c0000000)
  object space 21504K, 29% used [0x00000000b5a00000,0x00000000b6049ca8,0x00000000b6f00000)
}
Event: 20,145 GC heap before
{Heap before GC invocations=12 (full 1):
 PSYoungGen      total 174080K, used 173760K [0x00000000eaa80000, 0x00000000f9480000, 0x0000000100000000)
  eden space 150016K, 100% used [0x00000000eaa80000,0x00000000f3d00000,0x00000000f3d00000)
  from space 24064K, 98% used [0x00000000f7d00000,0x00000000f9430020,0x00000000f9480000)
  to   space 31232K, 0% used [0x00000000f5780000,0x00000000f5780000,0x00000000f7600000)
 ParOldGen       total 77312K, used 42886K [0x00000000c0000000, 0x00000000c4b80000, 0x00000000eaa80000)
  object space 77312K, 55% used [0x00000000c0000000,0x00000000c29e19c0,0x00000000c4b80000)
 PSPermGen       total 21504K, used 6465K [0x00000000b5a00000, 0x00000000b6f00000, 0x00000000c0000000)
  object space 21504K, 30% used [0x00000000b5a00000,0x00000000b60504c0,0x00000000b6f00000)

