# JRE version: OpenJDK Runtime Environment (7.0_101) (build 1.7.0_101-b00)
# Java VM: OpenJDK 64-Bit Server VM (24.95-b01 mixed mode linux-amd64 compressed oops)
Heap
 PSYoungGen      total 233472K, used 0K [0x00000000eaa80000, 0x0000000100000000, 0x0000000100000000)
  eden space 117248K, 0% used [0x00000000eaa80000,0x00000000eaa80000,0x00000000f1d00000)
  from space 116224K, 0% used [0x00000000f1d00000,0x00000000f1d00000,0x00000000f8e80000)
  to   space 116224K, 0% used [0x00000000f8e80000,0x00000000f8e80000,0x0000000100000000)
 ParOldGen       total 320512K, used 294956K [0x00000000c0000000, 0x00000000d3900000, 0x00000000eaa80000)
  object space 320512K, 92% used [0x00000000c0000000,0x00000000d200b1a8,0x00000000d3900000)
 PSPermGen       total 21504K, used 6520K [0x00000000b5a00000, 0x00000000b6f00000, 0x00000000c0000000)
  object space 21504K, 30% used [0x00000000b5a00000,0x00000000b605e258,0x00000000b6f00000)
GC Heap History (10 events):
Event: 24,890 GC heap after
Heap after GC invocations=16 (full 2):
 PSYoungGen      total 216064K, used 68085K [0x00000000eaa80000, 0x0000000100000000, 0x0000000100000000)
  eden space 147968K, 0% used [0x00000000eaa80000,0x00000000eaa80000,0x00000000f3b00000)
  from space 68096K, 99% used [0x00000000fbd80000,0x00000000ffffd538,0x0000000100000000)
  to   space 100864K, 0% used [0x00000000f3b00000,0x00000000f3b00000,0x00000000f9d80000)
 ParOldGen       total 165376K, used 164665K [0x00000000c0000000, 0x00000000ca180000, 0x00000000eaa80000)
  object space 165376K, 99% used [0x00000000c0000000,0x00000000ca0ce490,0x00000000ca180000)
 PSPermGen       total 21504K, used 6518K [0x00000000b5a00000, 0x00000000b6f00000, 0x00000000c0000000)
  object space 21504K, 30% used [0x00000000b5a00000,0x00000000b605d9b8,0x00000000b6f00000)
}
Event: 24,890 GC heap before
{Heap before GC invocations=17 (full 3):
 PSYoungGen      total 216064K, used 68085K [0x00000000eaa80000, 0x0000000100000000, 0x0000000100000000)
  eden space 147968K, 0% used [0x00000000eaa80000,0x00000000eaa80000,0x00000000f3b00000)
  from space 68096K, 99% used [0x00000000fbd80000,0x00000000ffffd538,0x0000000100000000)
  to   space 100864K, 0% used [0x00000000f3b00000,0x00000000f3b00000,0x00000000f9d80000)
 ParOldGen       total 165376K, used 164665K [0x00000000c0000000, 0x00000000ca180000, 0x00000000eaa80000)
  object space 165376K, 99% used [0x00000000c0000000,0x00000000ca0ce490,0x00000000ca180000)
 PSPermGen       total 21504K, used 6518K [0x00000000b5a00000, 0x00000000b6f00000, 0x00000000c0000000)
  object space 21504K, 30% used [0x00000000b5a00000,0x00000000b605d9b8,0x00000000b6f00000)
Event: 26,043 GC heap after
Heap after GC invocations=17 (full 3):
 PSYoungGen      total 216064K, used 26475K [0x00000000eaa80000, 0x0000000100000000, 0x0000000100000000)
  eden space 147968K, 0% used [0x00000000eaa80000,0x00000000eaa80000,0x00000000f3b00000)
  from space 68096K, 38% used [0x00000000fbd80000,0x00000000fd75af58,0x0000000100000000)
  to   space 100864K, 0% used [0x00000000f3b00000,0x00000000f3b00000,0x00000000f9d80000)
 ParOldGen       total 264192K, used 165130K [0x00000000c0000000, 0x00000000d0200000, 0x00000000eaa80000)
  object space 264192K, 62% used [0x00000000c0000000,0x00000000ca142aa8,0x00000000d0200000)
 PSPermGen       total 21504K, used 6517K [0x00000000b5a00000, 0x00000000b6f00000, 0x00000000c0000000)
  object space 21504K, 30% used [0x00000000b5a00000,0x00000000b605d6f8,0x00000000b6f00000)
}
Event: 26,225 GC heap before
{Heap before GC invocations=18 (full 3):
 PSYoungGen      total 216064K, used 174443K [0x00000000eaa80000, 0x0000000100000000, 0x0000000100000000)
  eden space 147968K, 100% used [0x00000000eaa80000,0x00000000f3b00000,0x00000000f3b00000)
  from space 68096K, 38% used [0x00000000fbd80000,0x00000000fd75af58,0x0000000100000000)
  to   space 100864K, 0% used [0x00000000f3b00000,0x00000000f3b00000,0x00000000f9d80000)
 ParOldGen       total 264192K, used 165130K [0x00000000c0000000, 0x00000000d0200000, 0x00000000eaa80000)
  object space 264192K, 62% used [0x00000000c0000000,0x00000000ca142aa8,0x00000000d0200000)
 PSPermGen       total 21504K, used 6517K [0x00000000b5a00000, 0x00000000b6f00000, 0x00000000c0000000)
  object space 21504K, 30% used [0x00000000b5a00000,0x00000000b605d6f8,0x00000000b6f00000)
Event: 26,343 GC heap after
Heap after GC invocations=18 (full 3):
 PSYoungGen      total 224768K, used 76647K [0x00000000eaa80000, 0x0000000100000000, 0x0000000100000000)
  eden space 147968K, 0% used [0x00000000eaa80000,0x00000000eaa80000,0x00000000f3b00000)
  from space 76800K, 99% used [0x00000000f3b00000,0x00000000f85d9e38,0x00000000f8600000)
  to   space 110080K, 0% used [0x00000000f9480000,0x00000000f9480000,0x0000000100000000)
 ParOldGen       total 264192K, used 191865K [0x00000000c0000000, 0x00000000d0200000, 0x00000000eaa80000)
  object space 264192K, 72% used [0x00000000c0000000,0x00000000cbb5e760,0x00000000d0200000)
 PSPermGen       total 21504K, used 6517K [0x00000000b5a00000, 0x00000000b6f00000, 0x00000000c0000000)
  object space 21504K, 30% used [0x00000000b5a00000,0x00000000b605d6f8,0x00000000b6f00000)
}
Event: 26,702 GC heap before
{Heap before GC invocations=19 (full 3):
 PSYoungGen      total 224768K, used 224615K [0x00000000eaa80000, 0x0000000100000000, 0x0000000100000000)
  eden space 147968K, 100% used [0x00000000eaa80000,0x00000000f3b00000,0x00000000f3b00000)
  from space 76800K, 99% used [0x00000000f3b00000,0x00000000f85d9e38,0x00000000f8600000)
  to   space 110080K, 0% used [0x00000000f9480000,0x00000000f9480000,0x0000000100000000)
 ParOldGen       total 264192K, used 191865K [0x00000000c0000000, 0x00000000d0200000, 0x00000000eaa80000)
  object space 264192K, 72% used [0x00000000c0000000,0x00000000cbb5e760,0x00000000d0200000)
 PSPermGen       total 21504K, used 6520K [0x00000000b5a00000, 0x00000000b6f00000, 0x00000000c0000000)
  object space 21504K, 30% used [0x00000000b5a00000,0x00000000b605e0a0,0x00000000b6f00000)
Event: 26,783 GC heap after
Heap after GC invocations=19 (full 3):
 PSYoungGen      total 227328K, used 110068K [0x00000000eaa80000, 0x0000000100000000, 0x0000000100000000)
  eden space 117248K, 0% used [0x00000000eaa80000,0x00000000eaa80000,0x00000000f1d00000)
  from space 110080K, 99% used [0x00000000f9480000,0x00000000ffffd1a8,0x0000000100000000)
  to   space 116224K, 0% used [0x00000000f1d00000,0x00000000f1d00000,0x00000000f8e80000)
 ParOldGen       total 264192K, used 210048K [0x00000000c0000000, 0x00000000d0200000, 0x00000000eaa80000)
  object space 264192K, 79% used [0x00000000c0000000,0x00000000ccd20138,0x00000000d0200000)
 PSPermGen       total 21504K, used 6520K [0x00000000b5a00000, 0x00000000b6f00000, 0x00000000c0000000)
  object space 21504K, 30% used [0x00000000b5a00000,0x00000000b605e0a0,0x00000000b6f00000)
}
Event: 27,423 GC heap before
{Heap before GC invocations=20 (full 3):
 PSYoungGen      total 227328K, used 227316K [0x00000000eaa80000, 0x0000000100000000, 0x0000000100000000)
  eden space 117248K, 100% used [0x00000000eaa80000,0x00000000f1d00000,0x00000000f1d00000)
  from space 110080K, 99% used [0x00000000f9480000,0x00000000ffffd1a8,0x0000000100000000)
  to   space 116224K, 0% used [0x00000000f1d00000,0x00000000f1d00000,0x00000000f8e80000)
 ParOldGen       total 264192K, used 210048K [0x00000000c0000000, 0x00000000d0200000, 0x00000000eaa80000)
  object space 264192K, 79% used [0x00000000c0000000,0x00000000ccd20138,0x00000000d0200000)
 PSPermGen       total 21504K, used 6520K [0x00000000b5a00000, 0x00000000b6f00000, 0x00000000c0000000)
  object space 21504K, 30% used [0x00000000b5a00000,0x00000000b605e298,0x00000000b6f00000)
Event: 27,556 GC heap after
Heap after GC invocations=20 (full 3):
 PSYoungGen      total 233472K, used 22116K [0x00000000eaa80000, 0x0000000100000000, 0x0000000100000000)
  eden space 117248K, 0% used [0x00000000eaa80000,0x00000000eaa80000,0x00000000f1d00000)
  from space 116224K, 19% used [0x00000000f1d00000,0x00000000f32993a8,0x00000000f8e80000)
  to   space 116224K, 0% used [0x00000000f8e80000,0x00000000f8e80000,0x0000000100000000)
 ParOldGen       total 320512K, used 319719K [0x00000000c0000000, 0x00000000d3900000, 0x00000000eaa80000)
  object space 320512K, 99% used [0x00000000c0000000,0x00000000d3839f88,0x00000000d3900000)
 PSPermGen       total 21504K, used 6520K [0x00000000b5a00000, 0x00000000b6f00000, 0x00000000c0000000)
  object space 21504K, 30% used [0x00000000b5a00000,0x00000000b605e298,0x00000000b6f00000)
}
Event: 27,556 GC heap before
{Heap before GC invocations=21 (full 4):
 PSYoungGen      total 233472K, used 22116K [0x00000000eaa80000, 0x0000000100000000, 0x0000000100000000)
  eden space 117248K, 0% used [0x00000000eaa80000,0x00000000eaa80000,0x00000000f1d00000)
  from space 116224K, 19% used [0x00000000f1d00000,0x00000000f32993a8,0x00000000f8e80000)
  to   space 116224K, 0% used [0x00000000f8e80000,0x00000000f8e80000,0x0000000100000000)
 ParOldGen       total 320512K, used 319719K [0x00000000c0000000, 0x00000000d3900000, 0x00000000eaa80000)
  object space 320512K, 99% used [0x00000000c0000000,0x00000000d3839f88,0x00000000d3900000)
 PSPermGen       total 21504K, used 6520K [0x00000000b5a00000, 0x00000000b6f00000, 0x00000000c0000000)
  object space 21504K, 30% used [0x00000000b5a00000,0x00000000b605e298,0x00000000b6f00000)

