# JRE version: OpenJDK Runtime Environment (7.0_101) (build 1.7.0_101-b00)
# Java VM: OpenJDK 64-Bit Server VM (24.95-b01 mixed mode linux-amd64 compressed oops)
Heap
 PSYoungGen      total 235008K, used 0K [0x00000000eaa80000, 0x0000000100000000, 0x0000000100000000)
  eden space 120320K, 0% used [0x00000000eaa80000,0x00000000eaa80000,0x00000000f2000000)
  from space 114688K, 0% used [0x00000000f2000000,0x00000000f2000000,0x00000000f9000000)
  to   space 110592K, 0% used [0x00000000f9400000,0x00000000f9400000,0x0000000100000000)
 ParOldGen       total 308736K, used 302650K [0x00000000c0000000, 0x00000000d2d80000, 0x00000000eaa80000)
  object space 308736K, 98% used [0x00000000c0000000,0x00000000d278eb40,0x00000000d2d80000)
 PSPermGen       total 21504K, used 6514K [0x00000000b5a00000, 0x00000000b6f00000, 0x00000000c0000000)
  object space 21504K, 30% used [0x00000000b5a00000,0x00000000b605cb30,0x00000000b6f00000)
GC Heap History (10 events):
Event: 21,959 GC heap after
Heap after GC invocations=14 (full 2):
 PSYoungGen      total 233472K, used 35891K [0x00000000eaa80000, 0x00000000feb80000, 0x0000000100000000)
  eden space 189952K, 0% used [0x00000000eaa80000,0x00000000eaa80000,0x00000000f6400000)
  from space 43520K, 82% used [0x00000000f9400000,0x00000000fb70cf70,0x00000000fbe80000)
  to   space 49152K, 0% used [0x00000000f6400000,0x00000000f6400000,0x00000000f9400000)
 ParOldGen       total 135168K, used 76954K [0x00000000c0000000, 0x00000000c8400000, 0x00000000eaa80000)
  object space 135168K, 56% used [0x00000000c0000000,0x00000000c4b26900,0x00000000c8400000)
 PSPermGen       total 21504K, used 6485K [0x00000000b5a00000, 0x00000000b6f00000, 0x00000000c0000000)
  object space 21504K, 30% used [0x00000000b5a00000,0x00000000b60556e0,0x00000000b6f00000)
}
Event: 23,297 GC heap before
{Heap before GC invocations=15 (full 2):
 PSYoungGen      total 233472K, used 225823K [0x00000000eaa80000, 0x00000000feb80000, 0x0000000100000000)
  eden space 189952K, 99% used [0x00000000eaa80000,0x00000000f63fafa0,0x00000000f6400000)
  from space 43520K, 82% used [0x00000000f9400000,0x00000000fb70cf70,0x00000000fbe80000)
  to   space 49152K, 0% used [0x00000000f6400000,0x00000000f6400000,0x00000000f9400000)
 ParOldGen       total 135168K, used 76954K [0x00000000c0000000, 0x00000000c8400000, 0x00000000eaa80000)
  object space 135168K, 56% used [0x00000000c0000000,0x00000000c4b26900,0x00000000c8400000)
 PSPermGen       total 21504K, used 6506K [0x00000000b5a00000, 0x00000000b6f00000, 0x00000000c0000000)
  object space 21504K, 30% used [0x00000000b5a00000,0x00000000b605a978,0x00000000b6f00000)
Event: 23,393 GC heap after
Heap after GC invocations=15 (full 2):
 PSYoungGen      total 239104K, used 49128K [0x00000000eaa80000, 0x0000000100000000, 0x0000000100000000)
  eden space 189952K, 0% used [0x00000000eaa80000,0x00000000eaa80000,0x00000000f6400000)
  from space 49152K, 99% used [0x00000000f6400000,0x00000000f93fa350,0x00000000f9400000)
  to   space 67072K, 0% used [0x00000000fbe80000,0x00000000fbe80000,0x0000000100000000)
 ParOldGen       total 135168K, used 101483K [0x00000000c0000000, 0x00000000c8400000, 0x00000000eaa80000)
  object space 135168K, 75% used [0x00000000c0000000,0x00000000c631afd8,0x00000000c8400000)
 PSPermGen       total 21504K, used 6506K [0x00000000b5a00000, 0x00000000b6f00000, 0x00000000c0000000)
  object space 21504K, 30% used [0x00000000b5a00000,0x00000000b605a978,0x00000000b6f00000)
}
Event: 24,621 GC heap before
{Heap before GC invocations=16 (full 2):
 PSYoungGen      total 239104K, used 239080K [0x00000000eaa80000, 0x0000000100000000, 0x0000000100000000)
  eden space 189952K, 100% used [0x00000000eaa80000,0x00000000f6400000,0x00000000f6400000)
  from space 49152K, 99% used [0x00000000f6400000,0x00000000f93fa350,0x00000000f9400000)
  to   space 67072K, 0% used [0x00000000fbe80000,0x00000000fbe80000,0x0000000100000000)
 ParOldGen       total 135168K, used 101483K [0x00000000c0000000, 0x00000000c8400000, 0x00000000eaa80000)
  object space 135168K, 75% used [0x00000000c0000000,0x00000000c631afd8,0x00000000c8400000)
 PSPermGen       total 21504K, used 6507K [0x00000000b5a00000, 0x00000000b6f00000, 0x00000000c0000000)
  object space 21504K, 30% used [0x00000000b5a00000,0x00000000b605ac70,0x00000000b6f00000)
Event: 24,761 GC heap after
Heap after GC invocations=16 (full 2):
 PSYoungGen      total 187392K, used 67061K [0x00000000eaa80000, 0x0000000100000000, 0x0000000100000000)
  eden space 120320K, 0% used [0x00000000eaa80000,0x00000000eaa80000,0x00000000f2000000)
  from space 67072K, 99% used [0x00000000fbe80000,0x00000000ffffd670,0x0000000100000000)
  to   space 114688K, 0% used [0x00000000f2000000,0x00000000f2000000,0x00000000f9000000)
 ParOldGen       total 198144K, used 197824K [0x00000000c0000000, 0x00000000cc180000, 0x00000000eaa80000)
  object space 198144K, 99% used [0x00000000c0000000,0x00000000cc1300a0,0x00000000cc180000)
 PSPermGen       total 21504K, used 6507K [0x00000000b5a00000, 0x00000000b6f00000, 0x00000000c0000000)
  object space 21504K, 30% used [0x00000000b5a00000,0x00000000b605ac70,0x00000000b6f00000)
}
Event: 24,761 GC heap before
{Heap before GC invocations=17 (full 3):
 PSYoungGen      total 187392K, used 67061K [0x00000000eaa80000, 0x0000000100000000, 0x0000000100000000)
  eden space 120320K, 0% used [0x00000000eaa80000,0x00000000eaa80000,0x00000000f2000000)
  from space 67072K, 99% used [0x00000000fbe80000,0x00000000ffffd670,0x0000000100000000)
  to   space 114688K, 0% used [0x00000000f2000000,0x00000000f2000000,0x00000000f9000000)
 ParOldGen       total 198144K, used 197824K [0x00000000c0000000, 0x00000000cc180000, 0x00000000eaa80000)
  object space 198144K, 99% used [0x00000000c0000000,0x00000000cc1300a0,0x00000000cc180000)
 PSPermGen       total 21504K, used 6507K [0x00000000b5a00000, 0x00000000b6f00000, 0x00000000c0000000)
  object space 21504K, 30% used [0x00000000b5a00000,0x00000000b605ac70,0x00000000b6f00000)
Event: 25,632 GC heap after
Heap after GC invocations=17 (full 3):
 PSYoungGen      total 187392K, used 62131K [0x00000000eaa80000, 0x0000000100000000, 0x0000000100000000)
  eden space 120320K, 0% used [0x00000000eaa80000,0x00000000eaa80000,0x00000000f2000000)
  from space 67072K, 92% used [0x00000000fbe80000,0x00000000ffb2cc08,0x0000000100000000)
  to   space 114688K, 0% used [0x00000000f2000000,0x00000000f2000000,0x00000000f9000000)
 ParOldGen       total 308736K, used 197925K [0x00000000c0000000, 0x00000000d2d80000, 0x00000000eaa80000)
  object space 308736K, 64% used [0x00000000c0000000,0x00000000cc1494b0,0x00000000d2d80000)
 PSPermGen       total 21504K, used 6506K [0x00000000b5a00000, 0x00000000b6f00000, 0x00000000c0000000)
  object space 21504K, 30% used [0x00000000b5a00000,0x00000000b605aa70,0x00000000b6f00000)
}
Event: 25,818 GC heap before
{Heap before GC invocations=18 (full 3):
 PSYoungGen      total 187392K, used 182451K [0x00000000eaa80000, 0x0000000100000000, 0x0000000100000000)
  eden space 120320K, 100% used [0x00000000eaa80000,0x00000000f2000000,0x00000000f2000000)
  from space 67072K, 92% used [0x00000000fbe80000,0x00000000ffb2cc08,0x0000000100000000)
  to   space 114688K, 0% used [0x00000000f2000000,0x00000000f2000000,0x00000000f9000000)
 ParOldGen       total 308736K, used 197925K [0x00000000c0000000, 0x00000000d2d80000, 0x00000000eaa80000)
  object space 308736K, 64% used [0x00000000c0000000,0x00000000cc1494b0,0x00000000d2d80000)
 PSPermGen       total 21504K, used 6514K [0x00000000b5a00000, 0x00000000b6f00000, 0x00000000c0000000)
  object space 21504K, 30% used [0x00000000b5a00000,0x00000000b605cb30,0x00000000b6f00000)
Event: 25,944 GC heap after
Heap after GC invocations=18 (full 3):
 PSYoungGen      total 235008K, used 46394K [0x00000000eaa80000, 0x0000000100000000, 0x0000000100000000)
  eden space 120320K, 0% used [0x00000000eaa80000,0x00000000eaa80000,0x00000000f2000000)
  from space 114688K, 40% used [0x00000000f2000000,0x00000000f4d4e890,0x00000000f9000000)
  to   space 110592K, 0% used [0x00000000f9400000,0x00000000f9400000,0x0000000100000000)
 ParOldGen       total 308736K, used 262744K [0x00000000c0000000, 0x00000000d2d80000, 0x00000000eaa80000)
  object space 308736K, 85% used [0x00000000c0000000,0x00000000d0096030,0x00000000d2d80000)
 PSPermGen       total 21504K, used 6514K [0x00000000b5a00000, 0x00000000b6f00000, 0x00000000c0000000)
  object space 21504K, 30% used [0x00000000b5a00000,0x00000000b605cb30,0x00000000b6f00000)
}
Event: 25,944 GC heap before
{Heap before GC invocations=19 (full 4):
 PSYoungGen      total 235008K, used 46394K [0x00000000eaa80000, 0x0000000100000000, 0x0000000100000000)
  eden space 120320K, 0% used [0x00000000eaa80000,0x00000000eaa80000,0x00000000f2000000)
  from space 114688K, 40% used [0x00000000f2000000,0x00000000f4d4e890,0x00000000f9000000)
  to   space 110592K, 0% used [0x00000000f9400000,0x00000000f9400000,0x0000000100000000)
 ParOldGen       total 308736K, used 262744K [0x00000000c0000000, 0x00000000d2d80000, 0x00000000eaa80000)
  object space 308736K, 85% used [0x00000000c0000000,0x00000000d0096030,0x00000000d2d80000)
 PSPermGen       total 21504K, used 6514K [0x00000000b5a00000, 0x00000000b6f00000, 0x00000000c0000000)
  object space 21504K, 30% used [0x00000000b5a00000,0x00000000b605cb30,0x00000000b6f00000)

