# JRE version: OpenJDK Runtime Environment (7.0_101) (build 1.7.0_101-b00)
# Java VM: OpenJDK 64-Bit Server VM (24.95-b01 mixed mode linux-amd64 compressed oops)
Heap
 PSYoungGen      total 219648K, used 0K [0x00000000eaa80000, 0x0000000100000000, 0x0000000100000000)
  eden space 117248K, 0% used [0x00000000eaa80000,0x00000000eaa80000,0x00000000f1d00000)
  from space 102400K, 0% used [0x00000000f9c00000,0x00000000f9c00000,0x0000000100000000)
  to   space 116224K, 0% used [0x00000000f1d00000,0x00000000f1d00000,0x00000000f8e80000)
 ParOldGen       total 367616K, used 334667K [0x00000000c0000000, 0x00000000d6700000, 0x00000000eaa80000)
  object space 367616K, 91% used [0x00000000c0000000,0x00000000d46d2e18,0x00000000d6700000)
 PSPermGen       total 21504K, used 6521K [0x00000000b5a00000, 0x00000000b6f00000, 0x00000000c0000000)
  object space 21504K, 30% used [0x00000000b5a00000,0x00000000b605e598,0x00000000b6f00000)
GC Heap History (10 events):
Event: 33,050 GC heap after
Heap after GC invocations=18 (full 4):
 PSYoungGen      total 229888K, used 25289K [0x00000000eaa80000, 0x0000000100000000, 0x0000000100000000)
  eden space 174592K, 0% used [0x00000000eaa80000,0x00000000eaa80000,0x00000000f5500000)
  from space 55296K, 45% used [0x00000000fca00000,0x00000000fe2b2768,0x0000000100000000)
  to   space 87552K, 0% used [0x00000000f5500000,0x00000000f5500000,0x00000000faa80000)
 ParOldGen       total 343552K, used 216803K [0x00000000c0000000, 0x00000000d4f80000, 0x00000000eaa80000)
  object space 343552K, 63% used [0x00000000c0000000,0x00000000cd3b8f80,0x00000000d4f80000)
 PSPermGen       total 21504K, used 6516K [0x00000000b5a00000, 0x00000000b6f00000, 0x00000000c0000000)
  object space 21504K, 30% used [0x00000000b5a00000,0x00000000b605d248,0x00000000b6f00000)
}
Event: 33,479 GC heap before
{Heap before GC invocations=19 (full 4):
 PSYoungGen      total 229888K, used 199881K [0x00000000eaa80000, 0x0000000100000000, 0x0000000100000000)
  eden space 174592K, 100% used [0x00000000eaa80000,0x00000000f5500000,0x00000000f5500000)
  from space 55296K, 45% used [0x00000000fca00000,0x00000000fe2b2768,0x0000000100000000)
  to   space 87552K, 0% used [0x00000000f5500000,0x00000000f5500000,0x00000000faa80000)
 ParOldGen       total 343552K, used 216803K [0x00000000c0000000, 0x00000000d4f80000, 0x00000000eaa80000)
  object space 343552K, 63% used [0x00000000c0000000,0x00000000cd3b8f80,0x00000000d4f80000)
 PSPermGen       total 21504K, used 6518K [0x00000000b5a00000, 0x00000000b6f00000, 0x00000000c0000000)
  object space 21504K, 30% used [0x00000000b5a00000,0x00000000b605da50,0x00000000b6f00000)
Event: 33,601 GC heap after
Heap after GC invocations=19 (full 4):
 PSYoungGen      total 242688K, used 67601K [0x00000000eaa80000, 0x0000000100000000, 0x0000000100000000)
  eden space 174592K, 0% used [0x00000000eaa80000,0x00000000eaa80000,0x00000000f5500000)
  from space 68096K, 99% used [0x00000000f5500000,0x00000000f9704780,0x00000000f9780000)
  to   space 96256K, 0% used [0x00000000fa200000,0x00000000fa200000,0x0000000100000000)
 ParOldGen       total 343552K, used 243203K [0x00000000c0000000, 0x00000000d4f80000, 0x00000000eaa80000)
  object space 343552K, 70% used [0x00000000c0000000,0x00000000ced80f80,0x00000000d4f80000)
 PSPermGen       total 21504K, used 6518K [0x00000000b5a00000, 0x00000000b6f00000, 0x00000000c0000000)
  object space 21504K, 30% used [0x00000000b5a00000,0x00000000b605da50,0x00000000b6f00000)
}
Event: 34,563 GC heap before
{Heap before GC invocations=20 (full 4):
 PSYoungGen      total 242688K, used 242132K [0x00000000eaa80000, 0x0000000100000000, 0x0000000100000000)
  eden space 174592K, 99% used [0x00000000eaa80000,0x00000000f54f0c38,0x00000000f5500000)
  from space 68096K, 99% used [0x00000000f5500000,0x00000000f9704780,0x00000000f9780000)
  to   space 96256K, 0% used [0x00000000fa200000,0x00000000fa200000,0x0000000100000000)
 ParOldGen       total 343552K, used 243203K [0x00000000c0000000, 0x00000000d4f80000, 0x00000000eaa80000)
  object space 343552K, 70% used [0x00000000c0000000,0x00000000ced80f80,0x00000000d4f80000)
 PSPermGen       total 21504K, used 6520K [0x00000000b5a00000, 0x00000000b6f00000, 0x00000000c0000000)
  object space 21504K, 30% used [0x00000000b5a00000,0x00000000b605e160,0x00000000b6f00000)
Event: 34,650 GC heap after
Heap after GC invocations=20 (full 4):
 PSYoungGen      total 241152K, used 67760K [0x00000000eaa80000, 0x0000000100000000, 0x0000000100000000)
  eden space 144896K, 0% used [0x00000000eaa80000,0x00000000eaa80000,0x00000000f3800000)
  from space 96256K, 70% used [0x00000000fa200000,0x00000000fe42c2e0,0x0000000100000000)
  to   space 102400K, 0% used [0x00000000f3800000,0x00000000f3800000,0x00000000f9c00000)
 ParOldGen       total 343552K, used 243203K [0x00000000c0000000, 0x00000000d4f80000, 0x00000000eaa80000)
  object space 343552K, 70% used [0x00000000c0000000,0x00000000ced80f80,0x00000000d4f80000)
 PSPermGen       total 21504K, used 6520K [0x00000000b5a00000, 0x00000000b6f00000, 0x00000000c0000000)
  object space 21504K, 30% used [0x00000000b5a00000,0x00000000b605e160,0x00000000b6f00000)
}
Event: 35,745 GC heap before
{Heap before GC invocations=21 (full 4):
 PSYoungGen      total 241152K, used 212656K [0x00000000eaa80000, 0x0000000100000000, 0x0000000100000000)
  eden space 144896K, 100% used [0x00000000eaa80000,0x00000000f3800000,0x00000000f3800000)
  from space 96256K, 70% used [0x00000000fa200000,0x00000000fe42c2e0,0x0000000100000000)
  to   space 102400K, 0% used [0x00000000f3800000,0x00000000f3800000,0x00000000f9c00000)
 ParOldGen       total 343552K, used 243203K [0x00000000c0000000, 0x00000000d4f80000, 0x00000000eaa80000)
  object space 343552K, 70% used [0x00000000c0000000,0x00000000ced80f80,0x00000000d4f80000)
 PSPermGen       total 21504K, used 6521K [0x00000000b5a00000, 0x00000000b6f00000, 0x00000000c0000000)
  object space 21504K, 30% used [0x00000000b5a00000,0x00000000b605e5f8,0x00000000b6f00000)
Event: 35,895 GC heap after
Heap after GC invocations=21 (full 4):
 PSYoungGen      total 247296K, used 102397K [0x00000000eaa80000, 0x0000000100000000, 0x0000000100000000)
  eden space 144896K, 0% used [0x00000000eaa80000,0x00000000eaa80000,0x00000000f3800000)
  from space 102400K, 99% used [0x00000000f3800000,0x00000000f9bff530,0x00000000f9c00000)
  to   space 102400K, 0% used [0x00000000f9c00000,0x00000000f9c00000,0x0000000100000000)
 ParOldGen       total 343552K, used 275705K [0x00000000c0000000, 0x00000000d4f80000, 0x00000000eaa80000)
  object space 343552K, 80% used [0x00000000c0000000,0x00000000d0d3e410,0x00000000d4f80000)
 PSPermGen       total 21504K, used 6521K [0x00000000b5a00000, 0x00000000b6f00000, 0x00000000c0000000)
  object space 21504K, 30% used [0x00000000b5a00000,0x00000000b605e5f8,0x00000000b6f00000)
}
Event: 35,996 GC heap before
{Heap before GC invocations=22 (full 4):
 PSYoungGen      total 247296K, used 247293K [0x00000000eaa80000, 0x0000000100000000, 0x0000000100000000)
  eden space 144896K, 100% used [0x00000000eaa80000,0x00000000f3800000,0x00000000f3800000)
  from space 102400K, 99% used [0x00000000f3800000,0x00000000f9bff530,0x00000000f9c00000)
  to   space 102400K, 0% used [0x00000000f9c00000,0x00000000f9c00000,0x0000000100000000)
 ParOldGen       total 343552K, used 275705K [0x00000000c0000000, 0x00000000d4f80000, 0x00000000eaa80000)
  object space 343552K, 80% used [0x00000000c0000000,0x00000000d0d3e410,0x00000000d4f80000)
 PSPermGen       total 21504K, used 6521K [0x00000000b5a00000, 0x00000000b6f00000, 0x00000000c0000000)
  object space 21504K, 30% used [0x00000000b5a00000,0x00000000b605e5f8,0x00000000b6f00000)
Event: 36,202 GC heap after
Heap after GC invocations=22 (full 4):
 PSYoungGen      total 219648K, used 102368K [0x00000000eaa80000, 0x0000000100000000, 0x0000000100000000)
  eden space 117248K, 0% used [0x00000000eaa80000,0x00000000eaa80000,0x00000000f1d00000)
  from space 102400K, 99% used [0x00000000f9c00000,0x00000000ffff83b8,0x0000000100000000)
  to   space 116224K, 0% used [0x00000000f1d00000,0x00000000f1d00000,0x00000000f8e80000)
 ParOldGen       total 367616K, used 366539K [0x00000000c0000000, 0x00000000d6700000, 0x00000000eaa80000)
  object space 367616K, 99% used [0x00000000c0000000,0x00000000d65f2db0,0x00000000d6700000)
 PSPermGen       total 21504K, used 6521K [0x00000000b5a00000, 0x00000000b6f00000, 0x00000000c0000000)
  object space 21504K, 30% used [0x00000000b5a00000,0x00000000b605e5f8,0x00000000b6f00000)
}
Event: 36,202 GC heap before
{Heap before GC invocations=23 (full 5):
 PSYoungGen      total 219648K, used 102368K [0x00000000eaa80000, 0x0000000100000000, 0x0000000100000000)
  eden space 117248K, 0% used [0x00000000eaa80000,0x00000000eaa80000,0x00000000f1d00000)
  from space 102400K, 99% used [0x00000000f9c00000,0x00000000ffff83b8,0x0000000100000000)
  to   space 116224K, 0% used [0x00000000f1d00000,0x00000000f1d00000,0x00000000f8e80000)
 ParOldGen       total 367616K, used 366539K [0x00000000c0000000, 0x00000000d6700000, 0x00000000eaa80000)
  object space 367616K, 99% used [0x00000000c0000000,0x00000000d65f2db0,0x00000000d6700000)
 PSPermGen       total 21504K, used 6521K [0x00000000b5a00000, 0x00000000b6f00000, 0x00000000c0000000)
  object space 21504K, 30% used [0x00000000b5a00000,0x00000000b605e5f8,0x00000000b6f00000)

